<?xml version="1.0" encoding="UTF-8"?>
<testsuite xmlns:xsi="http://www.w3.org/2001/XMLSchema-instance" xsi:noNamespaceSchemaLocation="https://maven.apache.org/surefire/maven-surefire-plugin/xsd/surefire-test-report-3.0.xsd" version="3.0" name="com.demo.inventory.ShoppingWebsiteInventoryServiceApplicationTests" time="16.559" tests="1" errors="0" skipped="0" failures="0">
  <properties>
[...]
</properties>
  <testcase name="contextLoads" classname="com.demo.inventory.ShoppingWebsiteInventoryServiceApplicationTests" time="1.378">
    <system-out><![CDATA[16:14:27.615 [main] INFO org.springframework.test.context.support.AnnotationConfigContextLoaderUtils -- Could not detect default configuration classes for test class [com.demo.inventory.ShoppingWebsiteInventoryServiceApplicationTests]: ShoppingWebsiteInventoryServiceApplicationTests does not declare any static, non-private, non-final, nested classes annotated with @Configuration.
16:14:27.792 [main] INFO org.springframework.boot.test.context.SpringBootTestContextBootstrapper -- Found @SpringBootConfiguration com.demo.inventory.ShoppingWebsiteInventoryServiceApplication for test class com.demo.inventory.ShoppingWebsiteInventoryServiceApplicationTests
16:14:28.255 [main] INFO org.springframework.boot.devtools.restart.RestartApplicationListener -- Restart disabled due to context in which it is running

  .   ____          _            __ _ _
 /\\ / ___'_ __ _ _(_)_ __  __ _ \ \ \ \
( ( )\___ | '_ | '_| | '_ \/ _` | \ \ \ \
 \\/  ___)| |_)| | | | | || (_| |  ) ) ) )
  '  |____| .__|_| |_|_| |_\__, | / / / /
 =========|_|==============|___/=/_/_/_/
 :: Spring Boot ::                (v3.2.2)

2024-03-04T16:14:28.953+05:30 " INFO [inventory-service, , , true]" 13796 --- [inventory-service] [           main] [                                                 ] gWebsiteInventoryServiceApplicationTests : Starting ShoppingWebsiteInventoryServiceApplicationTests using Java 17.0.9 with PID 13796 (started by Lenovo in C:\Users\Lenovo\Documents\GitRepo\SpringBootMicroservice\ShoppingWebsite_InventoryService)
2024-03-04T16:14:28.958+05:30 " INFO [inventory-service, , , true]" 13796 --- [inventory-service] [           main] [                                                 ] gWebsiteInventoryServiceApplicationTests : No active profile set, falling back to 1 default profile: "default"
2024-03-04T16:14:31.246+05:30 " INFO [inventory-service, , , true]" 13796 --- [inventory-service] [           main] [                                                 ] .s.d.r.c.RepositoryConfigurationDelegate : Bootstrapping Spring Data JPA repositories in DEFAULT mode.
2024-03-04T16:14:31.546+05:30 " INFO [inventory-service, , , true]" 13796 --- [inventory-service] [           main] [                                                 ] .s.d.r.c.RepositoryConfigurationDelegate : Finished Spring Data repository scanning in 280 ms. Found 1 JPA repository interface.
2024-03-04T16:14:32.080+05:30 " INFO [inventory-service, , , true]" 13796 --- [inventory-service] [           main] [                                                 ] o.s.cloud.context.scope.GenericScope     : BeanFactory id=a4916d8c-cdea-350c-9e03-6c11b9d07e39
2024-03-04T16:14:32.708+05:30 " WARN [inventory-service, , , true]" 13796 --- [inventory-service] [           main] [                                                 ] trationDelegate$BeanPostProcessorChecker : Bean 'org.springframework.cloud.client.loadbalancer.LoadBalancerAutoConfiguration$LoadBalancerInterceptorConfig' of type [org.springframework.cloud.client.loadbalancer.LoadBalancerAutoConfiguration$LoadBalancerInterceptorConfig] is not eligible for getting processed by all BeanPostProcessors (for example: not eligible for auto-proxying). The currently created BeanPostProcessor [lbRestClientPostProcessor] is declared through a non-static factory method on that class; consider declaring it as static instead.
2024-03-04T16:14:32.715+05:30 " WARN [inventory-service, , , true]" 13796 --- [inventory-service] [           main] [                                                 ] trationDelegate$BeanPostProcessorChecker : Bean 'org.springframework.cloud.loadbalancer.config.BlockingLoadBalancerClientAutoConfiguration' of type [org.springframework.cloud.loadbalancer.config.BlockingLoadBalancerClientAutoConfiguration] is not eligible for getting processed by all BeanPostProcessors (for example: not eligible for auto-proxying). Is this bean getting eagerly injected into a currently created BeanPostProcessor [lbRestClientPostProcessor]? Check the corresponding BeanPostProcessor declaration and its dependencies.
2024-03-04T16:14:32.719+05:30 " WARN [inventory-service, , , true]" 13796 --- [inventory-service] [           main] [                                                 ] trationDelegate$BeanPostProcessorChecker : Bean 'org.springframework.cloud.loadbalancer.config.LoadBalancerAutoConfiguration' of type [org.springframework.cloud.loadbalancer.config.LoadBalancerAutoConfiguration] is not eligible for getting processed by all BeanPostProcessors (for example: not eligible for auto-proxying). Is this bean getting eagerly injected into a currently created BeanPostProcessor [lbRestClientPostProcessor]? Check the corresponding BeanPostProcessor declaration and its dependencies.
2024-03-04T16:14:32.749+05:30 " WARN [inventory-service, , , true]" 13796 --- [inventory-service] [           main] [                                                 ] trationDelegate$BeanPostProcessorChecker : Bean 'org.springframework.cloud.commons.config.CommonsConfigAutoConfiguration' of type [org.springframework.cloud.commons.config.CommonsConfigAutoConfiguration] is not eligible for getting processed by all BeanPostProcessors (for example: not eligible for auto-proxying). Is this bean getting eagerly injected into a currently created BeanPostProcessor [lbRestClientPostProcessor]? Check the corresponding BeanPostProcessor declaration and its dependencies.
2024-03-04T16:14:32.756+05:30 " WARN [inventory-service, , , true]" 13796 --- [inventory-service] [           main] [                                                 ] trationDelegate$BeanPostProcessorChecker : Bean 'org.springframework.cloud.client.loadbalancer.LoadBalancerDefaultMappingsProviderAutoConfiguration' of type [org.springframework.cloud.client.loadbalancer.LoadBalancerDefaultMappingsProviderAutoConfiguration] is not eligible for getting processed by all BeanPostProcessors (for example: not eligible for auto-proxying). Is this bean getting eagerly injected into a currently created BeanPostProcessor [lbRestClientPostProcessor]? Check the corresponding BeanPostProcessor declaration and its dependencies.
2024-03-04T16:14:32.759+05:30 " WARN [inventory-service, , , true]" 13796 --- [inventory-service] [           main] [                                                 ] trationDelegate$BeanPostProcessorChecker : Bean 'loadBalancerClientsDefaultsMappingsProvider' of type [org.springframework.cloud.client.loadbalancer.LoadBalancerDefaultMappingsProviderAutoConfiguration$$Lambda$960/0x000000080058bcc8] is not eligible for getting processed by all BeanPostProcessors (for example: not eligible for auto-proxying). Is this bean getting eagerly injected into a currently created BeanPostProcessor [lbRestClientPostProcessor]? Check the corresponding BeanPostProcessor declaration and its dependencies.
2024-03-04T16:14:32.766+05:30 " WARN [inventory-service, , , true]" 13796 --- [inventory-service] [           main] [                                                 ] trationDelegate$BeanPostProcessorChecker : Bean 'defaultsBindHandlerAdvisor' of type [org.springframework.cloud.commons.config.DefaultsBindHandlerAdvisor] is not eligible for getting processed by all BeanPostProcessors (for example: not eligible for auto-proxying). Is this bean getting eagerly injected into a currently created BeanPostProcessor [lbRestClientPostProcessor]? Check the corresponding BeanPostProcessor declaration and its dependencies.
2024-03-04T16:14:32.791+05:30 " WARN [inventory-service, , , true]" 13796 --- [inventory-service] [           main] [                                                 ] trationDelegate$BeanPostProcessorChecker : Bean 'spring.cloud.loadbalancer-org.springframework.cloud.client.loadbalancer.LoadBalancerClientsProperties' of type [org.springframework.cloud.client.loadbalancer.LoadBalancerClientsProperties] is not eligible for getting processed by all BeanPostProcessors (for example: not eligible for auto-proxying). Is this bean getting eagerly injected into a currently created BeanPostProcessor [lbRestClientPostProcessor]? Check the corresponding BeanPostProcessor declaration and its dependencies.
2024-03-04T16:14:32.810+05:30 " WARN [inventory-service, , , true]" 13796 --- [inventory-service] [           main] [                                                 ] trationDelegate$BeanPostProcessorChecker : Bean 'default.org.springframework.cloud.loadbalancer.config.LoadBalancerAutoConfiguration.LoadBalancerClientSpecification' of type [org.springframework.cloud.loadbalancer.annotation.LoadBalancerClientSpecification] is not eligible for getting processed by all BeanPostProcessors (for example: not eligible for auto-proxying). Is this bean getting eagerly injected into a currently created BeanPostProcessor [lbRestClientPostProcessor]? Check the corresponding BeanPostProcessor declaration and its dependencies.
2024-03-04T16:14:32.821+05:30 " WARN [inventory-service, , , true]" 13796 --- [inventory-service] [           main] [                                                 ] trationDelegate$BeanPostProcessorChecker : Bean 'default.org.springframework.cloud.loadbalancer.config.BlockingLoadBalancerClientAutoConfiguration.LoadBalancerClientSpecification' of type [org.springframework.cloud.loadbalancer.annotation.LoadBalancerClientSpecification] is not eligible for getting processed by all BeanPostProcessors (for example: not eligible for auto-proxying). Is this bean getting eagerly injected into a currently created BeanPostProcessor [lbRestClientPostProcessor]? Check the corresponding BeanPostProcessor declaration and its dependencies.
2024-03-04T16:14:32.826+05:30 " WARN [inventory-service, , , true]" 13796 --- [inventory-service] [           main] [                                                 ] trationDelegate$BeanPostProcessorChecker : Bean 'default.org.springframework.cloud.netflix.eureka.loadbalancer.LoadBalancerEurekaAutoConfiguration.LoadBalancerClientSpecification' of type [org.springframework.cloud.loadbalancer.annotation.LoadBalancerClientSpecification] is not eligible for getting processed by all BeanPostProcessors (for example: not eligible for auto-proxying). Is this bean getting eagerly injected into a currently created BeanPostProcessor [lbRestClientPostProcessor]? Check the corresponding BeanPostProcessor declaration and its dependencies.
2024-03-04T16:14:32.830+05:30 " WARN [inventory-service, , , true]" 13796 --- [inventory-service] [           main] [                                                 ] trationDelegate$BeanPostProcessorChecker : Bean 'loadBalancerClientFactory' of type [org.springframework.cloud.loadbalancer.support.LoadBalancerClientFactory] is not eligible for getting processed by all BeanPostProcessors (for example: not eligible for auto-proxying). Is this bean getting eagerly injected into a currently created BeanPostProcessor [lbRestClientPostProcessor]? Check the corresponding BeanPostProcessor declaration and its dependencies.
2024-03-04T16:14:32.852+05:30 " WARN [inventory-service, , , true]" 13796 --- [inventory-service] [           main] [                                                 ] trationDelegate$BeanPostProcessorChecker : Bean 'blockingLoadBalancerClient' of type [org.springframework.cloud.loadbalancer.blocking.client.BlockingLoadBalancerClient] is not eligible for getting processed by all BeanPostProcessors (for example: not eligible for auto-proxying). Is this bean getting eagerly injected into a currently created BeanPostProcessor [lbRestClientPostProcessor]? Check the corresponding BeanPostProcessor declaration and its dependencies.
2024-03-04T16:14:32.875+05:30 " WARN [inventory-service, , , true]" 13796 --- [inventory-service] [           main] [                                                 ] trationDelegate$BeanPostProcessorChecker : Bean 'loadBalancerServiceInstanceCookieTransformer' of type [org.springframework.cloud.loadbalancer.core.LoadBalancerServiceInstanceCookieTransformer] is not eligible for getting processed by all BeanPostProcessors (for example: not eligible for auto-proxying). Is this bean getting eagerly injected into a currently created BeanPostProcessor [lbRestClientPostProcessor]? Check the corresponding BeanPostProcessor declaration and its dependencies.
2024-03-04T16:14:32.885+05:30 " WARN [inventory-service, , , true]" 13796 --- [inventory-service] [           main] [                                                 ] trationDelegate$BeanPostProcessorChecker : Bean 'xForwarderHeadersTransformer' of type [org.springframework.cloud.loadbalancer.blocking.XForwardedHeadersTransformer] is not eligible for getting processed by all BeanPostProcessors (for example: not eligible for auto-proxying). Is this bean getting eagerly injected into a currently created BeanPostProcessor [lbRestClientPostProcessor]? Check the corresponding BeanPostProcessor declaration and its dependencies.
2024-03-04T16:14:32.888+05:30 " WARN [inventory-service, , , true]" 13796 --- [inventory-service] [           main] [                                                 ] trationDelegate$BeanPostProcessorChecker : Bean 'org.springframework.cloud.client.loadbalancer.LoadBalancerAutoConfiguration' of type [org.springframework.cloud.client.loadbalancer.LoadBalancerAutoConfiguration] is not eligible for getting processed by all BeanPostProcessors (for example: not eligible for auto-proxying). Is this bean getting eagerly injected into a currently created BeanPostProcessor [lbRestClientPostProcessor]? Check the corresponding BeanPostProcessor declaration and its dependencies.
2024-03-04T16:14:32.894+05:30 " WARN [inventory-service, , , true]" 13796 --- [inventory-service] [           main] [                                                 ] trationDelegate$BeanPostProcessorChecker : Bean 'loadBalancerRequestFactory' of type [org.springframework.cloud.client.loadbalancer.LoadBalancerRequestFactory] is not eligible for getting processed by all BeanPostProcessors (for example: not eligible for auto-proxying). Is this bean getting eagerly injected into a currently created BeanPostProcessor [lbRestClientPostProcessor]? Check the corresponding BeanPostProcessor declaration and its dependencies.
2024-03-04T16:14:32.898+05:30 " WARN [inventory-service, , , true]" 13796 --- [inventory-service] [           main] [                                                 ] trationDelegate$BeanPostProcessorChecker : Bean 'loadBalancerInterceptor' of type [org.springframework.cloud.client.loadbalancer.LoadBalancerInterceptor] is not eligible for getting processed by all BeanPostProcessors (for example: not eligible for auto-proxying). Is this bean getting eagerly injected into a currently created BeanPostProcessor [lbRestClientPostProcessor]? Check the corresponding BeanPostProcessor declaration and its dependencies.
2024-03-04T16:14:33.233+05:30 " INFO [inventory-service, , , true]" 13796 --- [inventory-service] [           main] [                                                 ] o.hibernate.jpa.internal.util.LogHelper  : HHH000204: Processing PersistenceUnitInfo [name: default]
2024-03-04T16:14:33.374+05:30 " INFO [inventory-service, , , true]" 13796 --- [inventory-service] [           main] [                                                 ] org.hibernate.Version                    : HHH000412: Hibernate ORM core version 6.4.1.Final
2024-03-04T16:14:33.465+05:30 " INFO [inventory-service, , , true]" 13796 --- [inventory-service] [           main] [                                                 ] o.h.c.internal.RegionFactoryInitiator    : HHH000026: Second-level cache disabled
2024-03-04T16:14:34.280+05:30 " INFO [inventory-service, , , true]" 13796 --- [inventory-service] [           main] [                                                 ] o.s.o.j.p.SpringPersistenceUnitInfo      : No LoadTimeWeaver setup: ignoring JPA class transformer
2024-03-04T16:14:34.340+05:30 " INFO [inventory-service, , , true]" 13796 --- [inventory-service] [           main] [                                                 ] com.zaxxer.hikari.HikariDataSource       : HikariPool-1 - Starting...
2024-03-04T16:14:34.927+05:30 " INFO [inventory-service, , , true]" 13796 --- [inventory-service] [           main] [                                                 ] com.zaxxer.hikari.pool.HikariPool        : HikariPool-1 - Added connection conn0: url=jdbc:h2:file:~/spring-boot-inventory-service-db user=SA
2024-03-04T16:14:34.931+05:30 " INFO [inventory-service, , , true]" 13796 --- [inventory-service] [           main] [                                                 ] com.zaxxer.hikari.HikariDataSource       : HikariPool-1 - Start completed.
2024-03-04T16:14:34.996+05:30 " WARN [inventory-service, , , true]" 13796 --- [inventory-service] [           main] [                                                 ] org.hibernate.orm.deprecation            : HHH90000025: H2Dialect does not need to be specified explicitly using 'hibernate.dialect' (remove the property setting and it will be selected by default)
2024-03-04T16:14:36.383+05:30 " INFO [inventory-service, , , true]" 13796 --- [inventory-service] [           main] [                                                 ] o.h.e.t.j.p.i.JtaPlatformInitiator       : HHH000489: No JTA platform available (set 'hibernate.transaction.jta.platform' to enable JTA platform integration)
2024-03-04T16:14:36.420+05:30 " INFO [inventory-service, , , true]" 13796 --- [inventory-service] [           main] [                                                 ] j.LocalContainerEntityManagerFactoryBean : Initialized JPA EntityManagerFactory for persistence unit 'default'
2024-03-04T16:14:37.534+05:30 " WARN [inventory-service, , , true]" 13796 --- [inventory-service] [           main] [                                                 ] JpaBaseConfiguration$JpaWebConfiguration : spring.jpa.open-in-view is enabled by default. Therefore, database queries may be performed during view rendering. Explicitly configure spring.jpa.open-in-view to disable this warning
2024-03-04T16:14:40.978+05:30 " INFO [inventory-service, , , true]" 13796 --- [inventory-service] [           main] [                                                 ] DiscoveryClientOptionalArgsConfiguration : Eureka HTTP Client uses RestTemplate.
2024-03-04T16:14:41.056+05:30 " WARN [inventory-service, , , true]" 13796 --- [inventory-service] [           main] [                                                 ] iguration$LoadBalancerCaffeineWarnLogger : Spring Cloud LoadBalancer is currently working with the default cache. While this cache implementation is useful for development and tests, it's recommended to use Caffeine cache in production.You can switch to using Caffeine cache, by adding it and org.springframework.cache.caffeine.CaffeineCacheManager to the classpath.
2024-03-04T16:14:41.082+05:30 " INFO [inventory-service, , , true]" 13796 --- [inventory-service] [           main] [                                                 ] o.s.b.a.e.web.EndpointLinksResolver      : Exposing 1 endpoint(s) beneath base path '/actuator'
2024-03-04T16:14:41.261+05:30 " INFO [inventory-service, , , true]" 13796 --- [inventory-service] [           main] [                                                 ] o.s.c.n.eureka.InstanceInfoFactory       : Setting initial instance status as: STARTING
2024-03-04T16:14:41.430+05:30 " INFO [inventory-service, , , true]" 13796 --- [inventory-service] [           main] [                                                 ] com.netflix.discovery.DiscoveryClient    : Initializing Eureka in region us-east-1
2024-03-04T16:14:41.441+05:30 " INFO [inventory-service, , , true]" 13796 --- [inventory-service] [           main] [                                                 ] c.n.d.s.r.aws.ConfigClusterResolver      : Resolving eureka endpoints via configuration
2024-03-04T16:14:41.494+05:30 " INFO [inventory-service, , , true]" 13796 --- [inventory-service] [           main] [                                                 ] com.netflix.discovery.DiscoveryClient    : Disable delta property : false
2024-03-04T16:14:41.495+05:30 " INFO [inventory-service, , , true]" 13796 --- [inventory-service] [           main] [                                                 ] com.netflix.discovery.DiscoveryClient    : Single vip registry refresh property : null
2024-03-04T16:14:41.496+05:30 " INFO [inventory-service, , , true]" 13796 --- [inventory-service] [           main] [                                                 ] com.netflix.discovery.DiscoveryClient    : Force full registry fetch : false
2024-03-04T16:14:41.497+05:30 " INFO [inventory-service, , , true]" 13796 --- [inventory-service] [           main] [                                                 ] com.netflix.discovery.DiscoveryClient    : Application is null : false
2024-03-04T16:14:41.497+05:30 " INFO [inventory-service, , , true]" 13796 --- [inventory-service] [           main] [                                                 ] com.netflix.discovery.DiscoveryClient    : Registered Applications size is zero : true
2024-03-04T16:14:41.497+05:30 " INFO [inventory-service, , , true]" 13796 --- [inventory-service] [           main] [                                                 ] com.netflix.discovery.DiscoveryClient    : Application version is -1: true
2024-03-04T16:14:41.498+05:30 " INFO [inventory-service, , , true]" 13796 --- [inventory-service] [           main] [                                                 ] com.netflix.discovery.DiscoveryClient    : Getting all instance registry info from the eureka server
2024-03-04T16:14:41.939+05:30 " INFO [inventory-service, , , true]" 13796 --- [inventory-service] [           main] [                                                 ] com.netflix.discovery.DiscoveryClient    : The response status is 200
2024-03-04T16:14:41.947+05:30 " INFO [inventory-service, , , true]" 13796 --- [inventory-service] [           main] [                                                 ] com.netflix.discovery.DiscoveryClient    : Starting heartbeat executor: renew interval is: 30
2024-03-04T16:14:41.954+05:30 " INFO [inventory-service, , , true]" 13796 --- [inventory-service] [           main] [                                                 ] c.n.discovery.InstanceInfoReplicator     : InstanceInfoReplicator onDemand update allowed rate per min is 4
2024-03-04T16:14:41.972+05:30 " INFO [inventory-service, , , true]" 13796 --- [inventory-service] [           main] [                                                 ] com.netflix.discovery.DiscoveryClient    : Discovery Client initialized at timestamp 1709549081969 with initial instances count: 1
2024-03-04T16:14:41.986+05:30 " INFO [inventory-service, , , true]" 13796 --- [inventory-service] [           main] [                                                 ] o.s.c.n.e.s.EurekaServiceRegistry        : Registering application INVENTORY-SERVICE with eureka with status UP
2024-03-04T16:14:41.988+05:30 " INFO [inventory-service, , , true]" 13796 --- [inventory-service] [           main] [                                                 ] com.netflix.discovery.DiscoveryClient    : Saw local status change event StatusChangeEvent [timestamp=1709549081988, current=UP, previous=STARTING]
2024-03-04T16:14:41.991+05:30 " INFO [inventory-service, , , true]" 13796 --- [inventory-service] [nfoReplicator-0] [                                                 ] com.netflix.discovery.DiscoveryClient    : DiscoveryClient_INVENTORY-SERVICE/DESKTOP-8TP0LH4:inventory-service:10000: registering service...
2024-03-04T16:14:42.052+05:30 " INFO [inventory-service, , , true]" 13796 --- [inventory-service] [           main] [                                                 ] gWebsiteInventoryServiceApplicationTests : Started ShoppingWebsiteInventoryServiceApplicationTests in 13.866 seconds (process running for 15.945)
2024-03-04T16:14:42.140+05:30 " INFO [inventory-service, , , true]" 13796 --- [inventory-service] [nfoReplicator-0] [                                                 ] com.netflix.discovery.DiscoveryClient    : DiscoveryClient_INVENTORY-SERVICE/DESKTOP-8TP0LH4:inventory-service:10000 - registration status: 204
Hibernate: select i1_0.id,i1_0.quantity,i1_0.sku_code from table_inventory i1_0
]]></system-out>
  </testcase>
</testsuite>